790  [INFO ] 2019-05-06 11:02:35 [main] com.example.demo.DemoApplication - Starting DemoApplication on DESKTOP-21NIJ09 with PID 14348 (started by qwe in E:\工作文件存储目录\students)
800  [DEBUG] 2019-05-06 11:02:35 [main] com.example.demo.DemoApplication - Running with Spring Boot v2.1.3.RELEASE, Spring v5.1.5.RELEASE
801  [INFO ] 2019-05-06 11:02:35 [main] com.example.demo.DemoApplication - No active profile set, falling back to default profiles: default
1489 [DEBUG] 2019-05-06 11:02:36 [main] o.m.s.b.a.MybatisAutoConfiguration - Searching for mappers annotated with @Mapper
1489 [DEBUG] 2019-05-06 11:02:36 [main] o.m.s.b.a.MybatisAutoConfiguration - Using auto-configuration base package 'com.example.demo'
1495 [DEBUG] 2019-05-06 11:02:36 [main] org.apache.ibatis.logging.LogFactory - Logging initialized using 'class org.apache.ibatis.logging.slf4j.Slf4jImpl' adapter.
1498 [DEBUG] 2019-05-06 11:02:36 [main] o.m.s.mapper.ClassPathMapperScanner - Identified candidate component class: file [E:\工作文件存储目录\students\target\classes\com\example\demo\mapper\CourseMapper.class]
1499 [DEBUG] 2019-05-06 11:02:36 [main] o.m.s.mapper.ClassPathMapperScanner - Identified candidate component class: file [E:\工作文件存储目录\students\target\classes\com\example\demo\mapper\StudentMapper.class]
1499 [DEBUG] 2019-05-06 11:02:36 [main] o.m.s.mapper.ClassPathMapperScanner - Identified candidate component class: file [E:\工作文件存储目录\students\target\classes\com\example\demo\mapper\TeacherMapper.class]
1499 [DEBUG] 2019-05-06 11:02:36 [main] o.m.s.mapper.ClassPathMapperScanner - Identified candidate component class: file [E:\工作文件存储目录\students\target\classes\com\example\demo\mapper\UserMapper.class]
1499 [DEBUG] 2019-05-06 11:02:36 [main] o.m.s.mapper.ClassPathMapperScanner - Creating MapperFactoryBean with name 'courseMapper' and 'com.example.demo.mapper.CourseMapper' mapperInterface
1499 [DEBUG] 2019-05-06 11:02:36 [main] o.m.s.mapper.ClassPathMapperScanner - Enabling autowire by type for MapperFactoryBean with name 'courseMapper'.
1500 [DEBUG] 2019-05-06 11:02:36 [main] o.m.s.mapper.ClassPathMapperScanner - Creating MapperFactoryBean with name 'studentMapper' and 'com.example.demo.mapper.StudentMapper' mapperInterface
1500 [DEBUG] 2019-05-06 11:02:36 [main] o.m.s.mapper.ClassPathMapperScanner - Enabling autowire by type for MapperFactoryBean with name 'studentMapper'.
1500 [DEBUG] 2019-05-06 11:02:36 [main] o.m.s.mapper.ClassPathMapperScanner - Creating MapperFactoryBean with name 'teacherMapper' and 'com.example.demo.mapper.TeacherMapper' mapperInterface
1500 [DEBUG] 2019-05-06 11:02:36 [main] o.m.s.mapper.ClassPathMapperScanner - Enabling autowire by type for MapperFactoryBean with name 'teacherMapper'.
1500 [DEBUG] 2019-05-06 11:02:36 [main] o.m.s.mapper.ClassPathMapperScanner - Creating MapperFactoryBean with name 'userMapper' and 'com.example.demo.mapper.UserMapper' mapperInterface
1500 [DEBUG] 2019-05-06 11:02:36 [main] o.m.s.mapper.ClassPathMapperScanner - Enabling autowire by type for MapperFactoryBean with name 'userMapper'.
2029 [INFO ] 2019-05-06 11:02:37 [main] o.s.b.w.e.tomcat.TomcatWebServer - Tomcat initialized with port(s): 8888 (http)
2042 [INFO ] 2019-05-06 11:02:37 [main] o.a.coyote.http11.Http11NioProtocol - Initializing ProtocolHandler ["http-nio-8888"]
2049 [INFO ] 2019-05-06 11:02:37 [main] o.a.catalina.core.StandardService - Starting service [Tomcat]
2049 [INFO ] 2019-05-06 11:02:37 [main] o.a.catalina.core.StandardEngine - Starting Servlet engine: [Apache Tomcat/9.0.16]
2054 [INFO ] 2019-05-06 11:02:37 [main] o.a.c.core.AprLifecycleListener - The APR based Apache Tomcat Native library which allows optimal performance in production environments was not found on the java.library.path: [D:\Program Files\Java\jdk1.8.0_201\bin;C:\WINDOWS\Sun\Java\bin;C:\WINDOWS\system32;C:\WINDOWS;C:\Program Files (x86)\Common Files\Oracle\Java\javapath;C:\WINDOWS\system32;C:\WINDOWS;C:\WINDOWS\System32\Wbem;C:\WINDOWS\System32\WindowsPowerShell\v1.0\;";D:\Program Files\python\Pycharm 2018.3.5\jre64\\bin;D:\Program Files\python\Pycharm 2018.3.5\jre64\\jre\bin";D:\Program Files\Java\apache-maven-3.5.4\bin;D:\Program Files\Java\apache-tomcat-8.5.38\lib;D:\Program Files\Java\apache-tomcat-8.5.38\bin;D:\Program Files\Java\Git\cmd;C:\Program Files (x86)\Rational\common;C:\WINDOWS\System32\OpenSSH\;D:\Program Files\python\Scripts\;D:\Program Files\python\;C:\Users\qwe\AppData\Local\Microsoft\WindowsApps;;C:\Program Files\JetBrains\IntelliJ IDEA 2018.3.5\bin;D:\Program Files\python\PyCharm 2018.3.5\bin;D:\BaiduNetdisk\Fiddler;C:\Users\qwe\AppData\Local\Microsoft\WindowsApps;E:\Microsoft VS Code\bin;.]
2234 [INFO ] 2019-05-06 11:02:37 [main] o.a.c.c.C.[.[.[/demo-0.0.1-SNAPSHOT] - Initializing Spring embedded WebApplicationContext
2235 [INFO ] 2019-05-06 11:02:37 [main] o.s.web.context.ContextLoader - Root WebApplicationContext: initialization completed in 1372 ms
2396 [DEBUG] 2019-05-06 11:02:37 [main] org.apache.ibatis.io.VFS - Using VFS adapter org.mybatis.spring.boot.autoconfigure.SpringBootVFS
2398 [DEBUG] 2019-05-06 11:02:37 [main] org.apache.ibatis.io.ResolverUtil - Checking to see if class com.example.demo.entity.ChooseCourse matches criteria [is assignable to Object]
2398 [DEBUG] 2019-05-06 11:02:37 [main] org.apache.ibatis.io.ResolverUtil - Checking to see if class com.example.demo.entity.Course matches criteria [is assignable to Object]
2398 [DEBUG] 2019-05-06 11:02:37 [main] org.apache.ibatis.io.ResolverUtil - Checking to see if class com.example.demo.entity.Student matches criteria [is assignable to Object]
2398 [DEBUG] 2019-05-06 11:02:37 [main] org.apache.ibatis.io.ResolverUtil - Checking to see if class com.example.demo.entity.Teacher matches criteria [is assignable to Object]
2398 [DEBUG] 2019-05-06 11:02:37 [main] org.apache.ibatis.io.ResolverUtil - Checking to see if class com.example.demo.entity.TeacherSeeCourseList matches criteria [is assignable to Object]
2399 [DEBUG] 2019-05-06 11:02:37 [main] org.apache.ibatis.io.ResolverUtil - Checking to see if class com.example.demo.entity.User matches criteria [is assignable to Object]
2399 [DEBUG] 2019-05-06 11:02:37 [main] org.apache.ibatis.io.ResolverUtil - Checking to see if class com.example.demo.entity.adminSeeStudentChooseCourseMsg matches criteria [is assignable to Object]
2400 [DEBUG] 2019-05-06 11:02:37 [main] o.m.spring.SqlSessionFactoryBean - Scanned package: 'com.example.demo.entity' for aliases
2593 [DEBUG] 2019-05-06 11:02:37 [main] o.m.spring.SqlSessionFactoryBean - Parsed mapper file: 'file [E:\工作文件存储目录\students\target\classes\mapper\CourseMapper.xml]'
2600 [DEBUG] 2019-05-06 11:02:37 [main] o.m.spring.SqlSessionFactoryBean - Parsed mapper file: 'file [E:\工作文件存储目录\students\target\classes\mapper\StudentMapper.xml]'
2606 [DEBUG] 2019-05-06 11:02:37 [main] o.m.spring.SqlSessionFactoryBean - Parsed mapper file: 'file [E:\工作文件存储目录\students\target\classes\mapper\TeacherMapper.xml]'
2613 [DEBUG] 2019-05-06 11:02:37 [main] o.m.spring.SqlSessionFactoryBean - Parsed mapper file: 'file [E:\工作文件存储目录\students\target\classes\mapper\UserMapper.xml]'
2784 [INFO ] 2019-05-06 11:02:37 [main] o.s.s.c.ThreadPoolTaskExecutor - Initializing ExecutorService 'applicationTaskExecutor'
2875 [DEBUG] 2019-05-06 11:02:38 [main] o.m.s.b.a.MybatisAutoConfiguration - No org.mybatis.spring.mapper.MapperFactoryBean found.
2952 [INFO ] 2019-05-06 11:02:38 [main] o.a.coyote.http11.Http11NioProtocol - Starting ProtocolHandler ["http-nio-8888"]
2976 [INFO ] 2019-05-06 11:02:38 [main] o.s.b.w.e.tomcat.TomcatWebServer - Tomcat started on port(s): 8888 (http) with context path '/demo-0.0.1-SNAPSHOT'
2981 [INFO ] 2019-05-06 11:02:38 [main] com.example.demo.DemoApplication - Started DemoApplication in 2.8 seconds (JVM running for 4.584)
61481 [INFO ] 2019-05-06 11:03:36 [http-nio-8888-exec-4] o.a.c.c.C.[.[.[/demo-0.0.1-SNAPSHOT] - Initializing Spring DispatcherServlet 'dispatcherServlet'
61481 [INFO ] 2019-05-06 11:03:36 [http-nio-8888-exec-4] o.s.web.servlet.DispatcherServlet - Initializing Servlet 'dispatcherServlet'
61493 [INFO ] 2019-05-06 11:03:36 [http-nio-8888-exec-4] o.s.web.servlet.DispatcherServlet - Completed initialization in 12 ms
490  [INFO ] 2019-05-06 11:04:47 [main] com.example.demo.DemoApplication - Starting DemoApplication on DESKTOP-21NIJ09 with PID 9320 (started by qwe in E:\工作文件存储目录\students)
492  [DEBUG] 2019-05-06 11:04:47 [main] com.example.demo.DemoApplication - Running with Spring Boot v2.1.3.RELEASE, Spring v5.1.5.RELEASE
493  [INFO ] 2019-05-06 11:04:47 [main] com.example.demo.DemoApplication - No active profile set, falling back to default profiles: default
1039 [DEBUG] 2019-05-06 11:04:47 [main] o.m.s.b.a.MybatisAutoConfiguration - Searching for mappers annotated with @Mapper
1039 [DEBUG] 2019-05-06 11:04:47 [main] o.m.s.b.a.MybatisAutoConfiguration - Using auto-configuration base package 'com.example.demo'
1044 [DEBUG] 2019-05-06 11:04:47 [main] org.apache.ibatis.logging.LogFactory - Logging initialized using 'class org.apache.ibatis.logging.slf4j.Slf4jImpl' adapter.
1048 [DEBUG] 2019-05-06 11:04:47 [main] o.m.s.mapper.ClassPathMapperScanner - Identified candidate component class: file [E:\工作文件存储目录\students\target\classes\com\example\demo\mapper\CourseMapper.class]
1048 [DEBUG] 2019-05-06 11:04:47 [main] o.m.s.mapper.ClassPathMapperScanner - Identified candidate component class: file [E:\工作文件存储目录\students\target\classes\com\example\demo\mapper\StudentMapper.class]
1048 [DEBUG] 2019-05-06 11:04:47 [main] o.m.s.mapper.ClassPathMapperScanner - Identified candidate component class: file [E:\工作文件存储目录\students\target\classes\com\example\demo\mapper\TeacherMapper.class]
1048 [DEBUG] 2019-05-06 11:04:47 [main] o.m.s.mapper.ClassPathMapperScanner - Identified candidate component class: file [E:\工作文件存储目录\students\target\classes\com\example\demo\mapper\UserMapper.class]
1049 [DEBUG] 2019-05-06 11:04:47 [main] o.m.s.mapper.ClassPathMapperScanner - Creating MapperFactoryBean with name 'courseMapper' and 'com.example.demo.mapper.CourseMapper' mapperInterface
1049 [DEBUG] 2019-05-06 11:04:47 [main] o.m.s.mapper.ClassPathMapperScanner - Enabling autowire by type for MapperFactoryBean with name 'courseMapper'.
1049 [DEBUG] 2019-05-06 11:04:47 [main] o.m.s.mapper.ClassPathMapperScanner - Creating MapperFactoryBean with name 'studentMapper' and 'com.example.demo.mapper.StudentMapper' mapperInterface
1049 [DEBUG] 2019-05-06 11:04:47 [main] o.m.s.mapper.ClassPathMapperScanner - Enabling autowire by type for MapperFactoryBean with name 'studentMapper'.
1049 [DEBUG] 2019-05-06 11:04:47 [main] o.m.s.mapper.ClassPathMapperScanner - Creating MapperFactoryBean with name 'teacherMapper' and 'com.example.demo.mapper.TeacherMapper' mapperInterface
1049 [DEBUG] 2019-05-06 11:04:47 [main] o.m.s.mapper.ClassPathMapperScanner - Enabling autowire by type for MapperFactoryBean with name 'teacherMapper'.
1049 [DEBUG] 2019-05-06 11:04:47 [main] o.m.s.mapper.ClassPathMapperScanner - Creating MapperFactoryBean with name 'userMapper' and 'com.example.demo.mapper.UserMapper' mapperInterface
1049 [DEBUG] 2019-05-06 11:04:47 [main] o.m.s.mapper.ClassPathMapperScanner - Enabling autowire by type for MapperFactoryBean with name 'userMapper'.
1465 [INFO ] 2019-05-06 11:04:48 [main] o.s.b.w.e.tomcat.TomcatWebServer - Tomcat initialized with port(s): 8888 (http)
1474 [INFO ] 2019-05-06 11:04:48 [main] o.a.coyote.http11.Http11NioProtocol - Initializing ProtocolHandler ["http-nio-8888"]
1480 [INFO ] 2019-05-06 11:04:48 [main] o.a.catalina.core.StandardService - Starting service [Tomcat]
1480 [INFO ] 2019-05-06 11:04:48 [main] o.a.catalina.core.StandardEngine - Starting Servlet engine: [Apache Tomcat/9.0.16]
1485 [INFO ] 2019-05-06 11:04:48 [main] o.a.c.core.AprLifecycleListener - The APR based Apache Tomcat Native library which allows optimal performance in production environments was not found on the java.library.path: [D:\Program Files\Java\jdk1.8.0_201\bin;C:\WINDOWS\Sun\Java\bin;C:\WINDOWS\system32;C:\WINDOWS;C:\Program Files (x86)\Common Files\Oracle\Java\javapath;C:\WINDOWS\system32;C:\WINDOWS;C:\WINDOWS\System32\Wbem;C:\WINDOWS\System32\WindowsPowerShell\v1.0\;";D:\Program Files\python\Pycharm 2018.3.5\jre64\\bin;D:\Program Files\python\Pycharm 2018.3.5\jre64\\jre\bin";D:\Program Files\Java\apache-maven-3.5.4\bin;D:\Program Files\Java\apache-tomcat-8.5.38\lib;D:\Program Files\Java\apache-tomcat-8.5.38\bin;D:\Program Files\Java\Git\cmd;C:\Program Files (x86)\Rational\common;C:\WINDOWS\System32\OpenSSH\;D:\Program Files\python\Scripts\;D:\Program Files\python\;C:\Users\qwe\AppData\Local\Microsoft\WindowsApps;;C:\Program Files\JetBrains\IntelliJ IDEA 2018.3.5\bin;D:\Program Files\python\PyCharm 2018.3.5\bin;D:\BaiduNetdisk\Fiddler;C:\Users\qwe\AppData\Local\Microsoft\WindowsApps;E:\Microsoft VS Code\bin;.]
1586 [INFO ] 2019-05-06 11:04:48 [main] o.a.c.c.C.[Tomcat].[localhost].[/] - Initializing Spring embedded WebApplicationContext
1586 [INFO ] 2019-05-06 11:04:48 [main] o.s.web.context.ContextLoader - Root WebApplicationContext: initialization completed in 1055 ms
1697 [DEBUG] 2019-05-06 11:04:48 [main] org.apache.ibatis.io.VFS - Using VFS adapter org.mybatis.spring.boot.autoconfigure.SpringBootVFS
1698 [DEBUG] 2019-05-06 11:04:48 [main] org.apache.ibatis.io.ResolverUtil - Checking to see if class com.example.demo.entity.ChooseCourse matches criteria [is assignable to Object]
1698 [DEBUG] 2019-05-06 11:04:48 [main] org.apache.ibatis.io.ResolverUtil - Checking to see if class com.example.demo.entity.Course matches criteria [is assignable to Object]
1698 [DEBUG] 2019-05-06 11:04:48 [main] org.apache.ibatis.io.ResolverUtil - Checking to see if class com.example.demo.entity.Student matches criteria [is assignable to Object]
1698 [DEBUG] 2019-05-06 11:04:48 [main] org.apache.ibatis.io.ResolverUtil - Checking to see if class com.example.demo.entity.Teacher matches criteria [is assignable to Object]
1698 [DEBUG] 2019-05-06 11:04:48 [main] org.apache.ibatis.io.ResolverUtil - Checking to see if class com.example.demo.entity.TeacherSeeCourseList matches criteria [is assignable to Object]
1698 [DEBUG] 2019-05-06 11:04:48 [main] org.apache.ibatis.io.ResolverUtil - Checking to see if class com.example.demo.entity.User matches criteria [is assignable to Object]
1699 [DEBUG] 2019-05-06 11:04:48 [main] org.apache.ibatis.io.ResolverUtil - Checking to see if class com.example.demo.entity.adminSeeStudentChooseCourseMsg matches criteria [is assignable to Object]
1699 [DEBUG] 2019-05-06 11:04:48 [main] o.m.spring.SqlSessionFactoryBean - Scanned package: 'com.example.demo.entity' for aliases
1800 [DEBUG] 2019-05-06 11:04:48 [main] o.m.spring.SqlSessionFactoryBean - Parsed mapper file: 'file [E:\工作文件存储目录\students\target\classes\mapper\CourseMapper.xml]'
1807 [DEBUG] 2019-05-06 11:04:48 [main] o.m.spring.SqlSessionFactoryBean - Parsed mapper file: 'file [E:\工作文件存储目录\students\target\classes\mapper\StudentMapper.xml]'
1813 [DEBUG] 2019-05-06 11:04:48 [main] o.m.spring.SqlSessionFactoryBean - Parsed mapper file: 'file [E:\工作文件存储目录\students\target\classes\mapper\TeacherMapper.xml]'
1820 [DEBUG] 2019-05-06 11:04:48 [main] o.m.spring.SqlSessionFactoryBean - Parsed mapper file: 'file [E:\工作文件存储目录\students\target\classes\mapper\UserMapper.xml]'
1952 [INFO ] 2019-05-06 11:04:48 [main] o.s.s.c.ThreadPoolTaskExecutor - Initializing ExecutorService 'applicationTaskExecutor'
2040 [DEBUG] 2019-05-06 11:04:48 [main] o.m.s.b.a.MybatisAutoConfiguration - No org.mybatis.spring.mapper.MapperFactoryBean found.
2107 [INFO ] 2019-05-06 11:04:48 [main] o.a.coyote.http11.Http11NioProtocol - Starting ProtocolHandler ["http-nio-8888"]
2124 [INFO ] 2019-05-06 11:04:48 [main] o.s.b.w.e.tomcat.TomcatWebServer - Tomcat started on port(s): 8888 (http) with context path ''
2126 [INFO ] 2019-05-06 11:04:48 [main] com.example.demo.DemoApplication - Started DemoApplication in 2.029 seconds (JVM running for 2.603)
24261 [INFO ] 2019-05-06 11:05:10 [http-nio-8888-exec-1] o.a.c.c.C.[Tomcat].[localhost].[/] - Initializing Spring DispatcherServlet 'dispatcherServlet'
24261 [INFO ] 2019-05-06 11:05:10 [http-nio-8888-exec-1] o.s.web.servlet.DispatcherServlet - Initializing Servlet 'dispatcherServlet'
24266 [INFO ] 2019-05-06 11:05:10 [http-nio-8888-exec-1] o.s.web.servlet.DispatcherServlet - Completed initialization in 5 ms
32607 [DEBUG] 2019-05-06 11:05:19 [http-nio-8888-exec-6] org.mybatis.spring.SqlSessionUtils - Creating a new SqlSession
32611 [DEBUG] 2019-05-06 11:05:19 [http-nio-8888-exec-6] org.mybatis.spring.SqlSessionUtils - SqlSession [org.apache.ibatis.session.defaults.DefaultSqlSession@63a3a5ce] was not registered for synchronization because synchronization is not active
32619 [INFO ] 2019-05-06 11:05:19 [http-nio-8888-exec-6] com.zaxxer.hikari.HikariDataSource - HikariPool-1 - Starting...
33454 [INFO ] 2019-05-06 11:05:20 [http-nio-8888-exec-6] com.zaxxer.hikari.HikariDataSource - HikariPool-1 - Start completed.
33457 [DEBUG] 2019-05-06 11:05:20 [http-nio-8888-exec-6] o.m.s.t.SpringManagedTransaction - JDBC Connection [HikariProxyConnection@1510383198 wrapping com.mysql.cj.jdbc.ConnectionImpl@c2aba35] will not be managed by Spring
33460 [DEBUG] 2019-05-06 11:05:20 [http-nio-8888-exec-6] c.e.demo.mapper.UserMapper.login - ==>  Preparing: select * from user where user_name=? and user_status=0 and user_access=? 
33478 [DEBUG] 2019-05-06 11:05:20 [http-nio-8888-exec-6] c.e.demo.mapper.UserMapper.login - ==> Parameters: ssk(String), 学生(String)
33659 [DEBUG] 2019-05-06 11:05:20 [http-nio-8888-exec-6] c.e.demo.mapper.UserMapper.login - <==      Total: 0
33661 [DEBUG] 2019-05-06 11:05:20 [http-nio-8888-exec-6] org.mybatis.spring.SqlSessionUtils - Closing non transactional SqlSession [org.apache.ibatis.session.defaults.DefaultSqlSession@63a3a5ce]
42287 [DEBUG] 2019-05-06 11:05:28 [http-nio-8888-exec-8] org.mybatis.spring.SqlSessionUtils - Creating a new SqlSession
42287 [DEBUG] 2019-05-06 11:05:28 [http-nio-8888-exec-8] org.mybatis.spring.SqlSessionUtils - SqlSession [org.apache.ibatis.session.defaults.DefaultSqlSession@6b147195] was not registered for synchronization because synchronization is not active
42288 [DEBUG] 2019-05-06 11:05:28 [http-nio-8888-exec-8] o.m.s.t.SpringManagedTransaction - JDBC Connection [HikariProxyConnection@1708364423 wrapping com.mysql.cj.jdbc.ConnectionImpl@c2aba35] will not be managed by Spring
42289 [DEBUG] 2019-05-06 11:05:28 [http-nio-8888-exec-8] c.e.demo.mapper.UserMapper.login - ==>  Preparing: select * from user where user_name=? and user_status=0 and user_access=? 
42289 [DEBUG] 2019-05-06 11:05:28 [http-nio-8888-exec-8] c.e.demo.mapper.UserMapper.login - ==> Parameters: ssk(String), 管理员(String)
42292 [DEBUG] 2019-05-06 11:05:28 [http-nio-8888-exec-8] c.e.demo.mapper.UserMapper.login - <==      Total: 1
42293 [DEBUG] 2019-05-06 11:05:28 [http-nio-8888-exec-8] org.mybatis.spring.SqlSessionUtils - Closing non transactional SqlSession [org.apache.ibatis.session.defaults.DefaultSqlSession@6b147195]
126897 [DEBUG] 2019-05-06 11:06:53 [http-nio-8888-exec-1] org.mybatis.spring.SqlSessionUtils - Creating a new SqlSession
126897 [DEBUG] 2019-05-06 11:06:53 [http-nio-8888-exec-1] org.mybatis.spring.SqlSessionUtils - SqlSession [org.apache.ibatis.session.defaults.DefaultSqlSession@1a01f72e] was not registered for synchronization because synchronization is not active
126897 [DEBUG] 2019-05-06 11:06:53 [http-nio-8888-exec-1] o.m.s.t.SpringManagedTransaction - JDBC Connection [HikariProxyConnection@2009333313 wrapping com.mysql.cj.jdbc.ConnectionImpl@c2aba35] will not be managed by Spring
126898 [DEBUG] 2019-05-06 11:06:53 [http-nio-8888-exec-1] c.e.d.m.C.adminSeeStudentChooseCourseMsg - ==>  Preparing: select s.student_name,t.teacher_name,c.course_name,ch.choose_time,c.max_student_number,c.course_student_number from student s left join choose_course ch on ch.choose_student_name = s.student_name left join course c on ch.choose_course_id = c.id left join teacher t on t.id = c.teacher_id group by ch.choose_course_id,s.student_name,ch.choose_time 
126898 [DEBUG] 2019-05-06 11:06:53 [http-nio-8888-exec-1] c.e.d.m.C.adminSeeStudentChooseCourseMsg - ==> Parameters: 
126952 [DEBUG] 2019-05-06 11:06:53 [http-nio-8888-exec-1] c.e.d.m.C.adminSeeStudentChooseCourseMsg - <==      Total: 22
126952 [DEBUG] 2019-05-06 11:06:53 [http-nio-8888-exec-1] org.mybatis.spring.SqlSessionUtils - Closing non transactional SqlSession [org.apache.ibatis.session.defaults.DefaultSqlSession@1a01f72e]
327776 [DEBUG] 2019-05-06 11:10:14 [http-nio-8888-exec-8] org.mybatis.spring.SqlSessionUtils - Creating a new SqlSession
327776 [DEBUG] 2019-05-06 11:10:14 [http-nio-8888-exec-8] org.mybatis.spring.SqlSessionUtils - SqlSession [org.apache.ibatis.session.defaults.DefaultSqlSession@3ff3fd8a] was not registered for synchronization because synchronization is not active
327777 [DEBUG] 2019-05-06 11:10:14 [http-nio-8888-exec-8] o.m.s.t.SpringManagedTransaction - JDBC Connection [HikariProxyConnection@781540743 wrapping com.mysql.cj.jdbc.ConnectionImpl@c2aba35] will not be managed by Spring
327777 [DEBUG] 2019-05-06 11:10:14 [http-nio-8888-exec-8] c.e.d.m.C.adminSeeStudentChooseCourseMsg - ==>  Preparing: select s.student_name,t.teacher_name,c.course_name,ch.choose_time,c.max_student_number,c.course_student_number from student s left join choose_course ch on ch.choose_student_name = s.student_name left join course c on ch.choose_course_id = c.id left join teacher t on t.id = c.teacher_id group by ch.choose_course_id,s.student_name,ch.choose_time 
327777 [DEBUG] 2019-05-06 11:10:14 [http-nio-8888-exec-8] c.e.d.m.C.adminSeeStudentChooseCourseMsg - ==> Parameters: 
327781 [DEBUG] 2019-05-06 11:10:14 [http-nio-8888-exec-8] c.e.d.m.C.adminSeeStudentChooseCourseMsg - <==      Total: 22
327782 [DEBUG] 2019-05-06 11:10:14 [http-nio-8888-exec-8] org.mybatis.spring.SqlSessionUtils - Closing non transactional SqlSession [org.apache.ibatis.session.defaults.DefaultSqlSession@3ff3fd8a]
333368 [DEBUG] 2019-05-06 11:10:19 [http-nio-8888-exec-3] org.mybatis.spring.SqlSessionUtils - Creating a new SqlSession
333368 [DEBUG] 2019-05-06 11:10:19 [http-nio-8888-exec-3] org.mybatis.spring.SqlSessionUtils - SqlSession [org.apache.ibatis.session.defaults.DefaultSqlSession@79fb65a0] was not registered for synchronization because synchronization is not active
333368 [DEBUG] 2019-05-06 11:10:19 [http-nio-8888-exec-3] o.m.s.t.SpringManagedTransaction - JDBC Connection [HikariProxyConnection@1543244579 wrapping com.mysql.cj.jdbc.ConnectionImpl@c2aba35] will not be managed by Spring
333368 [DEBUG] 2019-05-06 11:10:19 [http-nio-8888-exec-3] c.e.d.m.C.adminSeeStudentChooseCourseMsg - ==>  Preparing: select s.student_name,t.teacher_name,c.course_name,ch.choose_time,c.max_student_number,c.course_student_number from student s left join choose_course ch on ch.choose_student_name = s.student_name left join course c on ch.choose_course_id = c.id left join teacher t on t.id = c.teacher_id group by ch.choose_course_id,s.student_name,ch.choose_time 
333369 [DEBUG] 2019-05-06 11:10:19 [http-nio-8888-exec-3] c.e.d.m.C.adminSeeStudentChooseCourseMsg - ==> Parameters: 
333373 [DEBUG] 2019-05-06 11:10:19 [http-nio-8888-exec-3] c.e.d.m.C.adminSeeStudentChooseCourseMsg - <==      Total: 22
333373 [DEBUG] 2019-05-06 11:10:19 [http-nio-8888-exec-3] org.mybatis.spring.SqlSessionUtils - Closing non transactional SqlSession [org.apache.ibatis.session.defaults.DefaultSqlSession@79fb65a0]
338176 [DEBUG] 2019-05-06 11:10:24 [http-nio-8888-exec-8] org.mybatis.spring.SqlSessionUtils - Creating a new SqlSession
338176 [DEBUG] 2019-05-06 11:10:24 [http-nio-8888-exec-8] org.mybatis.spring.SqlSessionUtils - SqlSession [org.apache.ibatis.session.defaults.DefaultSqlSession@7957dad3] was not registered for synchronization because synchronization is not active
338177 [DEBUG] 2019-05-06 11:10:24 [http-nio-8888-exec-8] o.m.s.t.SpringManagedTransaction - JDBC Connection [HikariProxyConnection@1500014558 wrapping com.mysql.cj.jdbc.ConnectionImpl@c2aba35] will not be managed by Spring
338177 [DEBUG] 2019-05-06 11:10:24 [http-nio-8888-exec-8] c.e.d.m.T.showAllTeachersMsg - ==>  Preparing: select id,teacher_name,teacher_colleage,teacher_update_time from teacher where teacher_status = 0 
338177 [DEBUG] 2019-05-06 11:10:24 [http-nio-8888-exec-8] c.e.d.m.T.showAllTeachersMsg - ==> Parameters: 
338178 [DEBUG] 2019-05-06 11:10:24 [http-nio-8888-exec-8] c.e.d.m.T.showAllTeachersMsg - <==      Total: 2
338178 [DEBUG] 2019-05-06 11:10:24 [http-nio-8888-exec-8] org.mybatis.spring.SqlSessionUtils - Closing non transactional SqlSession [org.apache.ibatis.session.defaults.DefaultSqlSession@7957dad3]
341168 [DEBUG] 2019-05-06 11:10:27 [http-nio-8888-exec-3] org.mybatis.spring.SqlSessionUtils - Creating a new SqlSession
341168 [DEBUG] 2019-05-06 11:10:27 [http-nio-8888-exec-3] org.mybatis.spring.SqlSessionUtils - SqlSession [org.apache.ibatis.session.defaults.DefaultSqlSession@7b936595] was not registered for synchronization because synchronization is not active
341168 [DEBUG] 2019-05-06 11:10:27 [http-nio-8888-exec-3] o.m.s.t.SpringManagedTransaction - JDBC Connection [HikariProxyConnection@1499978018 wrapping com.mysql.cj.jdbc.ConnectionImpl@c2aba35] will not be managed by Spring
341169 [DEBUG] 2019-05-06 11:10:27 [http-nio-8888-exec-3] c.e.d.m.T.showAllTeachersMsg - ==>  Preparing: select id,teacher_name,teacher_colleage,teacher_update_time from teacher where teacher_status = 0 
341169 [DEBUG] 2019-05-06 11:10:27 [http-nio-8888-exec-3] c.e.d.m.T.showAllTeachersMsg - ==> Parameters: 
341170 [DEBUG] 2019-05-06 11:10:27 [http-nio-8888-exec-3] c.e.d.m.T.showAllTeachersMsg - <==      Total: 2
341170 [DEBUG] 2019-05-06 11:10:27 [http-nio-8888-exec-3] org.mybatis.spring.SqlSessionUtils - Closing non transactional SqlSession [org.apache.ibatis.session.defaults.DefaultSqlSession@7b936595]
343329 [DEBUG] 2019-05-06 11:10:29 [http-nio-8888-exec-8] org.mybatis.spring.SqlSessionUtils - Creating a new SqlSession
343329 [DEBUG] 2019-05-06 11:10:29 [http-nio-8888-exec-8] org.mybatis.spring.SqlSessionUtils - SqlSession [org.apache.ibatis.session.defaults.DefaultSqlSession@5b18892f] was not registered for synchronization because synchronization is not active
343330 [DEBUG] 2019-05-06 11:10:29 [http-nio-8888-exec-8] o.m.s.t.SpringManagedTransaction - JDBC Connection [HikariProxyConnection@475943389 wrapping com.mysql.cj.jdbc.ConnectionImpl@c2aba35] will not be managed by Spring
343330 [DEBUG] 2019-05-06 11:10:29 [http-nio-8888-exec-8] c.e.d.m.S.showAllStudentsMsg - ==>  Preparing: select * from student where student_status = 0 
343330 [DEBUG] 2019-05-06 11:10:29 [http-nio-8888-exec-8] c.e.d.m.S.showAllStudentsMsg - ==> Parameters: 
343333 [DEBUG] 2019-05-06 11:10:29 [http-nio-8888-exec-8] c.e.d.m.S.showAllStudentsMsg - <==      Total: 9
343333 [DEBUG] 2019-05-06 11:10:29 [http-nio-8888-exec-8] org.mybatis.spring.SqlSessionUtils - Closing non transactional SqlSession [org.apache.ibatis.session.defaults.DefaultSqlSession@5b18892f]
345760 [DEBUG] 2019-05-06 11:10:32 [http-nio-8888-exec-3] org.mybatis.spring.SqlSessionUtils - Creating a new SqlSession
345760 [DEBUG] 2019-05-06 11:10:32 [http-nio-8888-exec-3] org.mybatis.spring.SqlSessionUtils - SqlSession [org.apache.ibatis.session.defaults.DefaultSqlSession@5e0f519e] was not registered for synchronization because synchronization is not active
345760 [DEBUG] 2019-05-06 11:10:32 [http-nio-8888-exec-3] o.m.s.t.SpringManagedTransaction - JDBC Connection [HikariProxyConnection@1045444615 wrapping com.mysql.cj.jdbc.ConnectionImpl@c2aba35] will not be managed by Spring
345761 [DEBUG] 2019-05-06 11:10:32 [http-nio-8888-exec-3] c.e.d.m.C.showAllCourseMsg - ==>  Preparing: select * from course where course_status=0 
345761 [DEBUG] 2019-05-06 11:10:32 [http-nio-8888-exec-3] c.e.d.m.C.showAllCourseMsg - ==> Parameters: 
345763 [DEBUG] 2019-05-06 11:10:32 [http-nio-8888-exec-3] c.e.d.m.C.showAllCourseMsg - <==      Total: 9
345763 [DEBUG] 2019-05-06 11:10:32 [http-nio-8888-exec-3] org.mybatis.spring.SqlSessionUtils - Closing non transactional SqlSession [org.apache.ibatis.session.defaults.DefaultSqlSession@5e0f519e]
348384 [DEBUG] 2019-05-06 11:10:34 [http-nio-8888-exec-8] org.mybatis.spring.SqlSessionUtils - Creating a new SqlSession
348384 [DEBUG] 2019-05-06 11:10:34 [http-nio-8888-exec-8] org.mybatis.spring.SqlSessionUtils - SqlSession [org.apache.ibatis.session.defaults.DefaultSqlSession@54dbfdc0] was not registered for synchronization because synchronization is not active
348385 [DEBUG] 2019-05-06 11:10:34 [http-nio-8888-exec-8] o.m.s.t.SpringManagedTransaction - JDBC Connection [HikariProxyConnection@2010551717 wrapping com.mysql.cj.jdbc.ConnectionImpl@c2aba35] will not be managed by Spring
348385 [DEBUG] 2019-05-06 11:10:34 [http-nio-8888-exec-8] c.e.d.m.C.adminSeeStudentChooseCourseMsg - ==>  Preparing: select s.student_name,t.teacher_name,c.course_name,ch.choose_time,c.max_student_number,c.course_student_number from student s left join choose_course ch on ch.choose_student_name = s.student_name left join course c on ch.choose_course_id = c.id left join teacher t on t.id = c.teacher_id group by ch.choose_course_id,s.student_name,ch.choose_time 
348385 [DEBUG] 2019-05-06 11:10:34 [http-nio-8888-exec-8] c.e.d.m.C.adminSeeStudentChooseCourseMsg - ==> Parameters: 
348388 [DEBUG] 2019-05-06 11:10:34 [http-nio-8888-exec-8] c.e.d.m.C.adminSeeStudentChooseCourseMsg - <==      Total: 22
348389 [DEBUG] 2019-05-06 11:10:34 [http-nio-8888-exec-8] org.mybatis.spring.SqlSessionUtils - Closing non transactional SqlSession [org.apache.ibatis.session.defaults.DefaultSqlSession@54dbfdc0]
